\BOOKMARK [0][-]{section*.2}{\376\377\004\022\004\062\004\065\004\064\004\065\004\075\004\070\004\065}{}% 1
\BOOKMARK [0][-]{chapter.1}{\376\377\004\020\004\075\004\060\004\073\004\070\004\102\004\070\004\107\004\065\004\101\004\072\004\070\004\071\000\040\004\100\004\060\004\067\004\064\004\065\004\073}{}% 2
\BOOKMARK [1][-]{section.1.1}{\376\377\004\020\004\075\004\060\004\073\004\070\004\067\000\040\004\077\004\076\004\064\004\105\004\076\004\064\004\076\004\062\000\040\004\100\004\065\004\060\004\073\004\070\004\067\004\060\004\106\004\070\004\070}{chapter.1}% 3
\BOOKMARK [2][-]{subsection.1.1.1}{\376\377\000L\000i\000n\000u\000x\000\040\000S\000e\000c\000u\000r\000i\000t\000y\000\040\000A\000P\000I}{section.1.1}% 4
\BOOKMARK [2][-]{subsection.1.1.2}{\376\377\004\034\004\076\004\064\004\070\004\104\004\070\004\072\004\060\004\106\004\070\004\117\000\040\004\102\004\060\004\061\004\073\004\070\004\106\004\113\000\040\004\101\004\070\004\101\004\102\004\065\004\074\004\075\004\113\004\105\000\040\004\062\004\113\004\067\004\076\004\062\004\076\004\062}{section.1.1}% 5
\BOOKMARK [2][-]{subsection.1.1.3}{\376\377\004\030\004\101\004\077\004\076\004\073\004\114\004\067\004\076\004\062\004\060\004\075\004\070\004\065\000\040\000k\000p\000r\000o\000b\000e\000s}{section.1.1}% 6
\BOOKMARK [2][-]{subsection.1.1.4}{\376\377\004\041\004\077\004\073\004\060\004\071\004\101\004\070\004\075\004\063}{section.1.1}% 7
\BOOKMARK [2][-]{subsection.1.1.5}{\376\377\004\035\004\076\004\062\004\113\004\071\000\040\004\077\004\076\004\064\004\105\004\076\004\064\000\040\004\101\000\040\000f\000t\000r\000a\000c\000e}{section.1.1}% 8
\BOOKMARK [1][-]{section.1.2}{\376\377\004\027\004\060\004\063\004\100\004\103\004\066\004\060\004\065\004\074\004\113\004\065\000\040\004\074\004\076\004\064\004\103\004\073\004\070\000\040\004\117\004\064\004\100\004\060\000\040\000L\000i\000n\000u\000x\000\040}{chapter.1}% 9
\BOOKMARK [2][-]{subsection.1.2.1}{\376\377\004\043\004\101\004\102\004\100\004\076\004\071\004\101\004\102\004\062\004\076\000\040\004\074\004\076\004\064\004\103\004\073\004\117\000\040\004\117\004\064\004\100\004\060}{section.1.2}% 10
\BOOKMARK [2][-]{subsection.1.2.2}{\376\377\004\036\004\061\004\112\004\065\004\072\004\102\004\075\004\113\004\071\000\040\004\072\004\076\004\064\000\040\004\074\004\076\004\064\004\103\004\073\004\117\000\040\004\117\004\064\004\100\004\060}{section.1.2}% 11
\BOOKMARK [2][-]{subsection.1.2.3}{\376\377\004\026\004\070\004\067\004\075\004\065\004\075\004\075\004\113\004\071\000\040\004\106\004\070\004\072\004\073\000\040\004\067\004\060\004\063\004\100\004\103\004\066\004\060\004\065\004\074\004\076\004\063\004\076\000\040\004\074\004\076\004\064\004\103\004\073\004\117\000\040\004\117\004\064\004\100\004\060}{section.1.2}% 12
\BOOKMARK [2][-]{subsection.1.2.4}{\376\377\004\037\004\076\004\064\004\100\004\076\004\061\004\075\004\076\004\101\004\102\004\070\000\040\004\067\004\060\004\063\004\100\004\103\004\067\004\072\004\070\000\040\004\074\004\076\004\064\004\103\004\073\004\117}{section.1.2}% 13
\BOOKMARK [2][-]{subsection.1.2.5}{\376\377\004\037\004\076\004\064\004\100\004\076\004\061\004\075\004\076\004\101\004\102\004\070\000\040\004\062\004\113\004\063\004\100\004\103\004\067\004\072\004\070\000\040\004\074\004\076\004\064\004\103\004\073\004\117}{section.1.2}% 14
\BOOKMARK [1][-]{section.1.3}{\376\377\004\022\004\113\004\062\004\076\004\064}{chapter.1}% 15
\BOOKMARK [0][-]{chapter.2}{\376\377\004\032\004\076\004\075\004\101\004\102\004\100\004\103\004\072\004\102\004\076\004\100\004\101\004\072\004\070\004\071\000\040\004\100\004\060\004\067\004\064\004\065\004\073}{}% 16
\BOOKMARK [1][-]{section.2.1}{\376\377\004\036\004\061\004\111\004\060\004\117\000\040\004\060\004\100\004\105\004\070\004\102\004\065\004\072\004\102\004\103\004\100\004\060\000\040\004\077\004\100\004\070\004\073\004\076\004\066\004\065\004\075\004\070\004\117}{chapter.2}% 17
\BOOKMARK [1][-]{section.2.2}{\376\377\004\037\004\065\004\100\004\065\004\105\004\062\004\060\004\102\000\040\004\104\004\103\004\075\004\072\004\106\004\070\004\071}{chapter.2}% 18
\BOOKMARK [2][-]{subsection.2.2.1}{\376\377\004\030\004\075\004\070\004\106\004\070\004\060\004\073\004\070\004\067\004\060\004\106\004\070\004\117\000\040\000f\000t\000r\000a\000c\000e}{section.2.2}% 19
\BOOKMARK [2][-]{subsection.2.2.2}{\376\377\004\022\004\113\004\077\004\076\004\073\004\075\004\065\004\075\004\070\004\065\000\040\004\077\004\065\004\100\004\065\004\105\004\062\004\060\004\102\004\060\000\040\004\104\004\103\004\075\004\072\004\106\004\070\004\071}{section.2.2}% 20
\BOOKMARK [2][-]{subsection.2.2.3}{\376\377\004\041\004\105\004\065\004\074\004\060\000\040\004\100\004\060\004\061\004\076\004\102\004\113\000\040\004\077\004\065\004\100\004\065\004\105\004\062\004\060\004\102\004\060}{section.2.2}% 21
\BOOKMARK [1][-]{section.2.3}{\376\377\004\041\004\065\004\100\004\062\004\065\004\100}{chapter.2}% 22
\BOOKMARK [2][-]{subsection.2.3.1}{\376\377\004\020\004\073\004\063\004\076\004\100\004\070\004\102\004\074\000\040\004\100\004\060\004\061\004\076\004\102\004\113\000\040\004\101\004\065\004\100\004\062\004\065\004\100\004\060}{section.2.3}% 23
\BOOKMARK [0][-]{chapter.3}{\376\377\004\042\004\065\004\105\004\075\004\076\004\073\004\076\004\063\004\070\004\107\004\065\004\101\004\072\004\070\004\071\000\040\004\100\004\060\004\067\004\064\004\065\004\073}{}% 24
\BOOKMARK [1][-]{section.3.1}{\376\377\004\022\004\113\004\061\004\076\004\100\000\040\004\117\004\067\004\113\004\072\004\060\000\040\004\077\004\100\004\076\004\063\004\100\004\060\004\074\004\074\004\070\004\100\004\076\004\062\004\060\004\075\004\070\004\117}{chapter.3}% 25
\BOOKMARK [1][-]{section.3.2}{\376\377\004\022\004\113\004\061\004\076\004\100\000\040\004\101\004\100\004\065\004\064\004\113\000\040\004\100\004\060\004\067\004\100\004\060\004\061\004\076\004\102\004\072\004\070}{chapter.3}% 26
\BOOKMARK [0][-]{section*.9}{\376\377\004\027\004\060\004\072\004\073\004\116\004\107\004\065\004\075\004\070\004\065}{}% 27
\BOOKMARK [0][-]{section*.10}{\376\377\004\041\004\077\004\070\004\101\004\076\004\072\000\040\000\040\004\070\004\101\004\077\004\076\004\073\004\114\004\067\004\076\004\062\004\060\004\075\004\075\004\113\004\105\000\040\000\040\004\070\004\101\004\102\004\076\004\107\004\075\004\070\004\072\004\076\004\062}{}% 28
